  [1m[36m (1.2ms)[0m  [1mCREATE TABLE "schema_migrations" ("version" varchar(255) NOT NULL) [0m
  [1m[35m (0.1ms)[0m  select sqlite_version(*)
  [1m[36m (1.0ms)[0m  [1mCREATE UNIQUE INDEX "unique_schema_migrations" ON "schema_migrations" ("version")[0m
  [1m[35mActiveRecord::SchemaMigration Load (0.1ms)[0m  SELECT "schema_migrations".* FROM "schema_migrations"
Migrating to CreateBrands (20150826232016)
  [1m[36m (0.1ms)[0m  [1mbegin transaction[0m
  [1m[35m (0.3ms)[0m  CREATE TABLE "brands" ("id" INTEGER PRIMARY KEY AUTOINCREMENT NOT NULL, "name" varchar(255), "created_at" datetime, "updated_at" datetime) 
  [1m[36mSQL (0.1ms)[0m  [1mINSERT INTO "schema_migrations" ("version") VALUES (?)[0m  [["version", "20150826232016"]]
  [1m[35m (0.6ms)[0m  commit transaction
Migrating to CreateFuels (20150826232019)
  [1m[36m (0.0ms)[0m  [1mbegin transaction[0m
  [1m[35m (0.3ms)[0m  CREATE TABLE "fuels" ("id" INTEGER PRIMARY KEY AUTOINCREMENT NOT NULL, "name" varchar(255), "car_id" integer, "created_at" datetime, "updated_at" datetime) 
  [1m[36m (0.1ms)[0m  [1mCREATE  INDEX "index_fuels_on_car_id" ON "fuels" ("car_id")[0m
  [1m[35mSQL (0.1ms)[0m  INSERT INTO "schema_migrations" ("version") VALUES (?)  [["version", "20150826232019"]]
  [1m[36m (0.7ms)[0m  [1mcommit transaction[0m
Migrating to CreateCars (20150826232021)
  [1m[35m (0.0ms)[0m  begin transaction
  [1m[36m (0.2ms)[0m  [1mCREATE TABLE "cars" ("id" INTEGER PRIMARY KEY AUTOINCREMENT NOT NULL, "color" varchar(255), "price" float, "km" integer, "year" integer, "power" float, "location" varchar(255), "name" varchar(255), "brand_id" integer, "notes" text, "created_at" datetime, "updated_at" datetime) [0m
  [1m[35m (0.1ms)[0m  CREATE  INDEX "index_cars_on_brand_id" ON "cars" ("brand_id")
  [1m[36mSQL (0.1ms)[0m  [1mINSERT INTO "schema_migrations" ("version") VALUES (?)[0m  [["version", "20150826232021"]]
  [1m[35m (0.6ms)[0m  commit transaction
  [1m[36mActiveRecord::SchemaMigration Load (0.1ms)[0m  [1mSELECT "schema_migrations".* FROM "schema_migrations"[0m
  [1m[35m (0.1ms)[0m              SELECT sql
            FROM sqlite_master
            WHERE name='index_cars_on_brand_id' AND type='index'
            UNION ALL
            SELECT sql
            FROM sqlite_temp_master
            WHERE name='index_cars_on_brand_id' AND type='index'

  [1m[36m (0.1ms)[0m  [1m            SELECT sql
            FROM sqlite_master
            WHERE name='index_fuels_on_car_id' AND type='index'
            UNION ALL
            SELECT sql
            FROM sqlite_temp_master
            WHERE name='index_fuels_on_car_id' AND type='index'
[0m
  [1m[36mActiveRecord::SchemaMigration Load (0.1ms)[0m  [1mSELECT "schema_migrations".* FROM "schema_migrations"[0m
  [1m[36m (0.0ms)[0m  [1mbegin transaction[0m
  [1m[35mSQL (0.3ms)[0m  INSERT INTO "brands" ("created_at", "updated_at") VALUES (?, ?)  [["created_at", "2015-08-26 23:27:09.861863"], ["updated_at", "2015-08-26 23:27:09.861863"]]
  [1m[36m (1.1ms)[0m  [1mcommit transaction[0m
  [1m[35m (0.1ms)[0m  begin transaction
  [1m[36mSQL (0.4ms)[0m  [1mINSERT INTO "brands" ("created_at", "name", "updated_at") VALUES (?, ?, ?)[0m  [["created_at", "2015-08-26 23:27:17.623631"], ["name", "A"], ["updated_at", "2015-08-26 23:27:17.623631"]]
  [1m[35m (1.0ms)[0m  commit transaction
  [1m[36mSQL (1.6ms)[0m  [1mDELETE FROM "brands"[0m
  [1m[36mActiveRecord::SchemaMigration Load (0.1ms)[0m  [1mSELECT "schema_migrations".* FROM "schema_migrations"[0m
  [1m[36mActiveRecord::SchemaMigration Load (0.1ms)[0m  [1mSELECT "schema_migrations".* FROM "schema_migrations"[0m
  [1m[36mActiveRecord::SchemaMigration Load (0.1ms)[0m  [1mSELECT "schema_migrations".* FROM "schema_migrations"[0m
  [1m[35m (0.0ms)[0m  begin transaction
  [1m[36mSQL (0.3ms)[0m  [1mINSERT INTO "brands" ("created_at", "updated_at") VALUES (?, ?)[0m  [["created_at", "2015-08-26 23:28:49.087002"], ["updated_at", "2015-08-26 23:28:49.087002"]]
  [1m[35m (1.1ms)[0m  commit transaction
  [1m[36m (0.0ms)[0m  [1mbegin transaction[0m
  [1m[35mSQL (0.2ms)[0m  INSERT INTO "brands" ("created_at", "updated_at") VALUES (?, ?)  [["created_at", "2015-08-26 23:28:49.092245"], ["updated_at", "2015-08-26 23:28:49.092245"]]
  [1m[36m (0.5ms)[0m  [1mcommit transaction[0m
  [1m[35m (0.0ms)[0m  begin transaction
  [1m[36mSQL (0.1ms)[0m  [1mINSERT INTO "brands" ("created_at", "updated_at") VALUES (?, ?)[0m  [["created_at", "2015-08-26 23:28:49.093744"], ["updated_at", "2015-08-26 23:28:49.093744"]]
  [1m[35m (0.5ms)[0m  commit transaction
  [1m[36m (0.0ms)[0m  [1mbegin transaction[0m
  [1m[35mSQL (0.1ms)[0m  INSERT INTO "brands" ("created_at", "updated_at") VALUES (?, ?)  [["created_at", "2015-08-26 23:28:49.095081"], ["updated_at", "2015-08-26 23:28:49.095081"]]
  [1m[36m (0.5ms)[0m  [1mcommit transaction[0m
  [1m[35m (0.0ms)[0m  begin transaction
  [1m[36mSQL (0.1ms)[0m  [1mINSERT INTO "brands" ("created_at", "updated_at") VALUES (?, ?)[0m  [["created_at", "2015-08-26 23:28:49.096379"], ["updated_at", "2015-08-26 23:28:49.096379"]]
  [1m[35m (0.5ms)[0m  commit transaction


Started GET "/" for 127.0.0.1 at 2015-08-27 01:31:24 +0200
  [1m[36mActiveRecord::SchemaMigration Load (0.1ms)[0m  [1mSELECT "schema_migrations".* FROM "schema_migrations"[0m
Processing by CarsController#index as HTML
  Rendered cars/index.html.erb within layouts/application (0.8ms)
Completed 200 OK in 529ms (Views: 522.5ms | ActiveRecord: 0.0ms)


Started GET "/assets/cars.css?body=1" for 127.0.0.1 at 2015-08-27 01:31:25 +0200


Started GET "/assets/application.css?body=1" for 127.0.0.1 at 2015-08-27 01:31:25 +0200


Started GET "/assets/jquery.js?body=1" for 127.0.0.1 at 2015-08-27 01:31:25 +0200


Started GET "/assets/jquery_ujs.js?body=1" for 127.0.0.1 at 2015-08-27 01:31:25 +0200


Started GET "/assets/turbolinks.js?body=1" for 127.0.0.1 at 2015-08-27 01:31:25 +0200


Started GET "/assets/cars.js?body=1" for 127.0.0.1 at 2015-08-27 01:31:25 +0200


Started GET "/assets/application.js?body=1" for 127.0.0.1 at 2015-08-27 01:31:25 +0200


Started GET "/brands" for 127.0.0.1 at 2015-08-27 01:31:38 +0200
Processing by BrandsController#index as HTML
  [1m[35mBrand Load (0.2ms)[0m  SELECT "brands".* FROM "brands"
Completed 200 OK in 8ms (Views: 3.3ms | ActiveRecord: 0.4ms)
  [1m[36mBrand Load (0.1ms)[0m  [1mSELECT  "brands".* FROM "brands"   ORDER BY "brands"."id" DESC LIMIT 1[0m
  [1m[35m (0.1ms)[0m  begin transaction
  [1m[36mSQL (0.3ms)[0m  [1mINSERT INTO "brands" ("created_at", "name", "updated_at") VALUES (?, ?, ?)[0m  [["created_at", "2015-08-26 23:32:16.008054"], ["name", "a"], ["updated_at", "2015-08-26 23:32:16.008054"]]
  [1m[35m (1.0ms)[0m  commit transaction
  [1m[36mSQL (1.4ms)[0m  [1mDELETE FROM "brands"[0m
  [1m[36mActiveRecord::SchemaMigration Load (0.1ms)[0m  [1mSELECT "schema_migrations".* FROM "schema_migrations"[0m
  [1m[35m (0.0ms)[0m  begin transaction
  [1m[36mSQL (0.3ms)[0m  [1mINSERT INTO "brands" ("created_at", "name", "updated_at") VALUES (?, ?, ?)[0m  [["created_at", "2015-08-26 23:32:53.835428"], ["name", "Ford"], ["updated_at", "2015-08-26 23:32:53.835428"]]
  [1m[35m (1.0ms)[0m  commit transaction
  [1m[36m (0.0ms)[0m  [1mbegin transaction[0m
  [1m[35mSQL (0.1ms)[0m  INSERT INTO "brands" ("created_at", "name", "updated_at") VALUES (?, ?, ?)  [["created_at", "2015-08-26 23:32:53.838862"], ["name", "Fiat"], ["updated_at", "2015-08-26 23:32:53.838862"]]
  [1m[36m (0.5ms)[0m  [1mcommit transaction[0m
  [1m[35m (0.0ms)[0m  begin transaction
  [1m[36mSQL (0.1ms)[0m  [1mINSERT INTO "brands" ("created_at", "name", "updated_at") VALUES (?, ?, ?)[0m  [["created_at", "2015-08-26 23:32:53.840245"], ["name", "Seat"], ["updated_at", "2015-08-26 23:32:53.840245"]]
  [1m[35m (0.5ms)[0m  commit transaction
  [1m[36m (0.0ms)[0m  [1mbegin transaction[0m
  [1m[35mSQL (0.1ms)[0m  INSERT INTO "brands" ("created_at", "name", "updated_at") VALUES (?, ?, ?)  [["created_at", "2015-08-26 23:32:53.841518"], ["name", "Audi"], ["updated_at", "2015-08-26 23:32:53.841518"]]
  [1m[36m (0.5ms)[0m  [1mcommit transaction[0m
  [1m[35m (0.0ms)[0m  begin transaction
  [1m[36mSQL (0.1ms)[0m  [1mINSERT INTO "brands" ("created_at", "name", "updated_at") VALUES (?, ?, ?)[0m  [["created_at", "2015-08-26 23:32:53.842718"], ["name", "Ferrari"], ["updated_at", "2015-08-26 23:32:53.842718"]]
  [1m[35m (0.5ms)[0m  commit transaction
  [1m[36mActiveRecord::SchemaMigration Load (0.1ms)[0m  [1mSELECT "schema_migrations".* FROM "schema_migrations"[0m
  [1m[35mSQL (1.3ms)[0m  DELETE FROM "brands"
  [1m[36m (0.1ms)[0m  [1mbegin transaction[0m
  [1m[35mSQL (0.3ms)[0m  INSERT INTO "brands" ("created_at", "name", "updated_at") VALUES (?, ?, ?)  [["created_at", "2015-08-26 23:33:15.761250"], ["name", "Ford"], ["updated_at", "2015-08-26 23:33:15.761250"]]
  [1m[36m (0.5ms)[0m  [1mcommit transaction[0m
  [1m[35m (0.0ms)[0m  begin transaction
  [1m[36mSQL (0.2ms)[0m  [1mINSERT INTO "brands" ("created_at", "name", "updated_at") VALUES (?, ?, ?)[0m  [["created_at", "2015-08-26 23:33:15.764624"], ["name", "Fiat"], ["updated_at", "2015-08-26 23:33:15.764624"]]
  [1m[35m (0.5ms)[0m  commit transaction
  [1m[36m (0.0ms)[0m  [1mbegin transaction[0m
  [1m[35mSQL (0.2ms)[0m  INSERT INTO "brands" ("created_at", "name", "updated_at") VALUES (?, ?, ?)  [["created_at", "2015-08-26 23:33:15.766381"], ["name", "Seat"], ["updated_at", "2015-08-26 23:33:15.766381"]]
  [1m[36m (0.5ms)[0m  [1mcommit transaction[0m
  [1m[35m (0.0ms)[0m  begin transaction
  [1m[36mSQL (0.1ms)[0m  [1mINSERT INTO "brands" ("created_at", "name", "updated_at") VALUES (?, ?, ?)[0m  [["created_at", "2015-08-26 23:33:15.767980"], ["name", "Audi"], ["updated_at", "2015-08-26 23:33:15.767980"]]
  [1m[35m (0.5ms)[0m  commit transaction
  [1m[36m (0.0ms)[0m  [1mbegin transaction[0m
  [1m[35mSQL (0.1ms)[0m  INSERT INTO "brands" ("created_at", "name", "updated_at") VALUES (?, ?, ?)  [["created_at", "2015-08-26 23:33:15.769303"], ["name", "Ferrari"], ["updated_at", "2015-08-26 23:33:15.769303"]]
  [1m[36m (0.5ms)[0m  [1mcommit transaction[0m


Started GET "/brands" for 127.0.0.1 at 2015-08-27 01:33:22 +0200
Processing by BrandsController#index as HTML
  [1m[36mBrand Load (0.1ms)[0m  [1mSELECT "brands".* FROM "brands"[0m
Completed 200 OK in 2ms (Views: 1.0ms | ActiveRecord: 0.1ms)


Started GET "/brands" for 127.0.0.1 at 2015-08-27 01:33:23 +0200
Processing by BrandsController#index as HTML
  [1m[35mBrand Load (0.1ms)[0m  SELECT "brands".* FROM "brands"
Completed 200 OK in 1ms (Views: 0.9ms | ActiveRecord: 0.1ms)
